TN:
SF:src/SaleContract/TokenSaleContract.sol
FN:67,TokenSaleContract.changePreSaleStatus
FNDA:527,TokenSaleContract.changePreSaleStatus
DA:68,271
DA:69,271
FN:76,TokenSaleContract.changePublicSaleStatus
FNDA:519,TokenSaleContract.changePublicSaleStatus
DA:77,263
DA:78,263
FN:84,TokenSaleContract.buyTokens
FNDA:522,TokenSaleContract.buyTokens
DA:85,522
DA:86,522
DA:87,522
BRDA:87,0,0,1
BRDA:87,0,1,521
DA:88,1
DA:91,521
BRDA:90,1,0,1
BRDA:90,1,1,520
DA:97,1
DA:101,520
BRDA:100,2,0,1
BRDA:100,2,1,519
DA:107,1
DA:109,519
DA:111,519
DA:112,519
DA:114,519
DA:115,519
FN:123,TokenSaleContract.distributeTokens
FNDA:1,TokenSaleContract.distributeTokens
DA:124,1
DA:125,1
FN:132,TokenSaleContract.refund
FNDA:6,TokenSaleContract.refund
DA:133,6
DA:134,6
BRDA:134,3,0,-
BRDA:134,3,1,6
DA:135,0
DA:137,6
BRDA:137,4,0,1
BRDA:137,4,1,5
DA:138,1
DA:139,5
BRDA:139,5,0,-
BRDA:139,5,1,-
DA:140,1
BRDA:140,6,0,1
BRDA:140,6,1,-
DA:141,1
DA:143,0
DA:144,0
DA:146,0
DA:148,0
DA:149,0
BRDA:149,7,0,-
BRDA:149,7,1,-
DA:151,4
BRDA:151,8,0,1
BRDA:151,8,1,3
DA:152,1
DA:154,3
DA:155,3
DA:157,3
DA:159,3
DA:160,3
BRDA:160,9,0,-
BRDA:160,9,1,3
DA:162,3
FN:169,TokenSaleContract.withdrawBalance
FNDA:257,TokenSaleContract.withdrawBalance
DA:170,257
DA:171,257
BRDA:171,10,0,-
BRDA:171,10,1,257
FN:178,TokenSaleContract.withdrawToken
FNDA:1,TokenSaleContract.withdrawToken
DA:179,1
FN:189,TokenSaleContract._calculateToken
FNDA:522,TokenSaleContract._calculateToken
DA:192,522
FNF:8
FNH:8
LF:44
LH:38
BRF:22
BRH:14
end_of_record
TN:
SF:src/Token/SupraOracleToken.sol
FN:20,SupraOracleToken.mint
FNDA:1053,SupraOracleToken.mint
DA:21,797
FNF:1
FNH:1
LF:1
LH:1
BRF:0
BRH:0
end_of_record
